<?xml version="1.0" encoding="UTF-8"?>
<!-- Generated by org.testng.reporters.JUnitReportReporter -->
<testsuite skipped="0" hostname="Pareshs-MacBook-Pro.local" name="com.spiritzone.AutomationDriverScript" tests="1" failures="1" timestamp="30 Nov 2021 06:32:09 GMT" time="154.773" errors="0">
  <testcase name="scriptExecutioner" time="154.773" classname="com.spiritzone.AutomationDriverScript">
    <failure type="java.lang.AssertionError" message="expected [true] but found [false]">
      <![CDATA[java.lang.AssertionError: expected [true] but found [false]
at org.testng.Assert.fail(Assert.java:96)
at org.testng.Assert.failNotEquals(Assert.java:776)
at org.testng.Assert.assertTrue(Assert.java:44)
at org.testng.Assert.assertTrue(Assert.java:54)
at com.spiritzone.Utilities.addAssertTakeScreenShot(Utilities.java:105)
at com.spiritzone.Utilities.logReporter(Utilities.java:39)
at com.Pages.SpiritZoneLoginPage.clickOnSubmit(SpiritZoneLoginPage.java:187)
at com.Pages.SpiritZoneLoginPage.fillAndSubmitLoginDetails(SpiritZoneLoginPage.java:558)
at com.spiritzone.KeywordHelper.CreateLoginSpiritLogin(KeywordHelper.java:29)
at com.spiritzone.FunctionalKeyword.executeStep(FunctionalKeyword.java:26)
at com.spiritzone.AutomationDriverScript.scriptExecutioner(AutomationDriverScript.java:67)
at sun.reflect.NativeMethodAccessorImpl.invoke0(Native Method)
at sun.reflect.NativeMethodAccessorImpl.invoke(NativeMethodAccessorImpl.java:62)
at sun.reflect.DelegatingMethodAccessorImpl.invoke(DelegatingMethodAccessorImpl.java:43)
at java.lang.reflect.Method.invoke(Method.java:498)
at org.testng.internal.MethodInvocationHelper.invokeMethod(MethodInvocationHelper.java:124)
at org.testng.internal.Invoker.invokeMethod(Invoker.java:583)
at org.testng.internal.Invoker.invokeTestMethod(Invoker.java:719)
at org.testng.internal.Invoker.invokeTestMethods(Invoker.java:989)
at org.testng.internal.TestMethodWorker.invokeTestMethods(TestMethodWorker.java:125)
at org.testng.internal.TestMethodWorker.run(TestMethodWorker.java:109)
at org.testng.TestRunner.privateRun(TestRunner.java:648)
at org.testng.TestRunner.run(TestRunner.java:505)
at org.testng.SuiteRunner.runTest(SuiteRunner.java:455)
at org.testng.SuiteRunner.runSequentially(SuiteRunner.java:450)
at org.testng.SuiteRunner.privateRun(SuiteRunner.java:415)
at org.testng.SuiteRunner.run(SuiteRunner.java:364)
at org.testng.SuiteRunnerWorker.runSuite(SuiteRunnerWorker.java:52)
at org.testng.SuiteRunnerWorker.run(SuiteRunnerWorker.java:84)
at org.testng.TestNG.runSuitesSequentially(TestNG.java:1208)
at org.testng.TestNG.runSuitesLocally(TestNG.java:1137)
at org.testng.TestNG.runSuites(TestNG.java:1049)
at org.testng.TestNG.run(TestNG.java:1017)
at com.spiritzone.Uploader.launchExecution(Uploader.java:230)
at com.TestSpiritZone.TestLauncher.main(TestLauncher.java:23)
]]>
    </failure>
  </testcase> <!-- scriptExecutioner -->
</testsuite> <!-- com.spiritzone.AutomationDriverScript -->
