<?xml version="1.0" encoding="UTF-8"?>
<testng-results ignored="0" total="1" passed="0" failed="1" skipped="0">
  <reporter-output>
    <line>
      <![CDATA[Step Description--> <B><u>StepNumber-</u>1<i><Font Color = /'#00008B/'> Executing : CreateSpiritLogin </Font></i></B>]]>
    </line>
    <line>
      <![CDATA[Step Description-->  Entering Userid as anmolmishra0304@gmail.com]]>
    </line>
    <line>
      <![CDATA[Step Description-->  Entering Password as steveJOBS@123]]>
    </line>
    <line>
      <![CDATA[Step Description--> Click on Submit]]>
    </line>
  </reporter-output>
  <suite started-at="2020-08-12T14:55:20Z" name="SpiritZone" finished-at="2020-08-12T14:56:12Z" duration-ms="51886">
    <groups>
    </groups>
    <test started-at="2020-08-12T14:55:20Z" name="Spirit_Login_0001" finished-at="2020-08-12T14:56:12Z" duration-ms="51886">
      <class name="com.spiritzone.AutomationDriverScript">
        <test-method signature="scriptExecutioner(java.lang.String, java.lang.String, java.lang.String, java.lang.String)[pri:0, instance:com.spiritzone.AutomationDriverScript@15d49048]" started-at="2020-08-12T14:55:20Z" name="scriptExecutioner" finished-at="2020-08-12T14:56:08Z" duration-ms="48643" status="FAIL">
          <params>
            <param index="0">
              <value>
                <![CDATA[Spirit_Login_0001]]>
              </value>
            </param>
            <param index="1">
              <value>
                <![CDATA[CreateSpiritLogin]]>
              </value>
            </param>
            <param index="2">
              <value>
                <![CDATA[Anmol]]>
              </value>
            </param>
            <param index="3">
              <value>
                <![CDATA[To verify whether system is allowing the user to Login With Valid Credentials provided]]>
              </value>
            </param>
          </params>
          <exception class="java.lang.AssertionError">
            <message>
              <![CDATA[expected [true] but found [false]]]>
            </message>
            <full-stacktrace>
              <![CDATA[java.lang.AssertionError: expected [true] but found [false]
at org.testng.Assert.fail(Assert.java:96)
at org.testng.Assert.failNotEquals(Assert.java:776)
at org.testng.Assert.assertTrue(Assert.java:44)
at org.testng.Assert.assertTrue(Assert.java:54)
at com.spiritzone.Utilities.addAssertTakeScreenShot(Utilities.java:86)
at com.spiritzone.Utilities.logReporter(Utilities.java:34)
at com.Pages.SpiritZoneLoginPage.clickOnSubmit(SpiritZoneLoginPage.java:128)
at com.Pages.SpiritZoneLoginPage.fillAndSubmitLoginDetails(SpiritZoneLoginPage.java:261)
at com.spiritzone.KeywordHelper.CreateLoginSpiritLogin(KeywordHelper.java:28)
at com.spiritzone.FunctionalKeyword.executeStep(FunctionalKeyword.java:27)
at com.spiritzone.AutomationDriverScript.scriptExecutioner(AutomationDriverScript.java:30)
at java.base/jdk.internal.reflect.NativeMethodAccessorImpl.invoke0(Native Method)
at java.base/jdk.internal.reflect.NativeMethodAccessorImpl.invoke(NativeMethodAccessorImpl.java:62)
at java.base/jdk.internal.reflect.DelegatingMethodAccessorImpl.invoke(DelegatingMethodAccessorImpl.java:43)
at java.base/java.lang.reflect.Method.invoke(Method.java:567)
at org.testng.internal.MethodInvocationHelper.invokeMethod(MethodInvocationHelper.java:124)
at org.testng.internal.Invoker.invokeMethod(Invoker.java:583)
at org.testng.internal.Invoker.invokeTestMethod(Invoker.java:719)
at org.testng.internal.Invoker.invokeTestMethods(Invoker.java:989)
at org.testng.internal.TestMethodWorker.invokeTestMethods(TestMethodWorker.java:125)
at org.testng.internal.TestMethodWorker.run(TestMethodWorker.java:109)
at org.testng.TestRunner.privateRun(TestRunner.java:648)
at org.testng.TestRunner.run(TestRunner.java:505)
at org.testng.SuiteRunner.runTest(SuiteRunner.java:455)
at org.testng.SuiteRunner.runSequentially(SuiteRunner.java:450)
at org.testng.SuiteRunner.privateRun(SuiteRunner.java:415)
at org.testng.SuiteRunner.run(SuiteRunner.java:364)
at org.testng.SuiteRunnerWorker.runSuite(SuiteRunnerWorker.java:52)
at org.testng.SuiteRunnerWorker.run(SuiteRunnerWorker.java:84)
at org.testng.TestNG.runSuitesSequentially(TestNG.java:1208)
at org.testng.TestNG.runSuitesLocally(TestNG.java:1137)
at org.testng.TestNG.runSuites(TestNG.java:1049)
at org.testng.TestNG.run(TestNG.java:1017)
at com.spiritzone.Uploader.launchExecution(Uploader.java:232)
at com.spiritzone.TestLauncher.main(TestLauncher.java:9)
]]>
            </full-stacktrace>
          </exception> <!-- java.lang.AssertionError -->
          <reporter-output>
            <line>
              <![CDATA[Step Description--> <B><u>StepNumber-</u>1<i><Font Color = /'#00008B/'> Executing : CreateSpiritLogin </Font></i></B>]]>
            </line>
            <line>
              <![CDATA[Step Description-->  Entering Userid as anmolmishra0304@gmail.com]]>
            </line>
            <line>
              <![CDATA[Step Description-->  Entering Password as steveJOBS@123]]>
            </line>
            <line>
              <![CDATA[Step Description--> Click on Submit]]>
            </line>
          </reporter-output>
        </test-method> <!-- scriptExecutioner -->
        <test-method is-config="true" signature="quitDriver()[pri:0, instance:com.spiritzone.AutomationDriverScript@15d49048]" started-at="2020-08-12T14:56:11Z" name="quitDriver" finished-at="2020-08-12T14:56:12Z" duration-ms="598" status="PASS">
          <reporter-output>
          </reporter-output>
        </test-method> <!-- quitDriver -->
      </class> <!-- com.spiritzone.AutomationDriverScript -->
    </test> <!-- Spirit_Login_0001 -->
  </suite> <!-- SpiritZone -->
</testng-results>
