<?xml version="1.0" encoding="UTF-8"?>
<!-- Generated by org.testng.reporters.JUnitXMLReporter -->
<testsuite ignored="0" hostname="DESKTOP-1SAS5MA" failures="1" tests="1" name="Spirit_Login_0001" time="51.886" errors="0" timestamp="12 Aug 2020 14:56:12 GMT">
  <testcase classname="com.spiritzone.AutomationDriverScript" name="scriptExecutioner" time="48.643">
    <failure type="java.lang.AssertionError" message="expected [true] but found [false]">
      <![CDATA[java.lang.AssertionError: expected [true] but found [false]
at org.testng.Assert.fail(Assert.java:96)
at org.testng.Assert.failNotEquals(Assert.java:776)
at org.testng.Assert.assertTrue(Assert.java:44)
at org.testng.Assert.assertTrue(Assert.java:54)
at com.spiritzone.Utilities.addAssertTakeScreenShot(Utilities.java:86)
at com.spiritzone.Utilities.logReporter(Utilities.java:34)
at com.Pages.SpiritZoneLoginPage.clickOnSubmit(SpiritZoneLoginPage.java:128)
at com.Pages.SpiritZoneLoginPage.fillAndSubmitLoginDetails(SpiritZoneLoginPage.java:261)
at com.spiritzone.KeywordHelper.CreateLoginSpiritLogin(KeywordHelper.java:28)
at com.spiritzone.FunctionalKeyword.executeStep(FunctionalKeyword.java:27)
at com.spiritzone.AutomationDriverScript.scriptExecutioner(AutomationDriverScript.java:30)
at java.base/jdk.internal.reflect.NativeMethodAccessorImpl.invoke0(Native Method)
at java.base/jdk.internal.reflect.NativeMethodAccessorImpl.invoke(NativeMethodAccessorImpl.java:62)
at java.base/jdk.internal.reflect.DelegatingMethodAccessorImpl.invoke(DelegatingMethodAccessorImpl.java:43)
at java.base/java.lang.reflect.Method.invoke(Method.java:567)
at org.testng.internal.MethodInvocationHelper.invokeMethod(MethodInvocationHelper.java:124)
at org.testng.internal.Invoker.invokeMethod(Invoker.java:583)
at org.testng.internal.Invoker.invokeTestMethod(Invoker.java:719)
at org.testng.internal.Invoker.invokeTestMethods(Invoker.java:989)
at org.testng.internal.TestMethodWorker.invokeTestMethods(TestMethodWorker.java:125)
at org.testng.internal.TestMethodWorker.run(TestMethodWorker.java:109)
at org.testng.TestRunner.privateRun(TestRunner.java:648)
at org.testng.TestRunner.run(TestRunner.java:505)
at org.testng.SuiteRunner.runTest(SuiteRunner.java:455)
at org.testng.SuiteRunner.runSequentially(SuiteRunner.java:450)
at org.testng.SuiteRunner.privateRun(SuiteRunner.java:415)
at org.testng.SuiteRunner.run(SuiteRunner.java:364)
at org.testng.SuiteRunnerWorker.runSuite(SuiteRunnerWorker.java:52)
at org.testng.SuiteRunnerWorker.run(SuiteRunnerWorker.java:84)
at org.testng.TestNG.runSuitesSequentially(TestNG.java:1208)
at org.testng.TestNG.runSuitesLocally(TestNG.java:1137)
at org.testng.TestNG.runSuites(TestNG.java:1049)
at org.testng.TestNG.run(TestNG.java:1017)
at com.spiritzone.Uploader.launchExecution(Uploader.java:232)
at com.spiritzone.TestLauncher.main(TestLauncher.java:9)
]]>
    </failure>
  </testcase> <!-- scriptExecutioner -->
</testsuite> <!-- Spirit_Login_0001 -->
