<?xml version="1.0" encoding="UTF-8"?>
<testng-results skipped="0" failed="1" ignored="0" total="1" passed="0">
  <reporter-output>
    <line>
      <![CDATA[Step Description--> <B><u>StepNumber-</u>1<i><Font Color = /'#00008B/'> Executing : CreateSpiritLogin </Font></i></B>]]>
    </line>
    <line>
      <![CDATA[Step Description-->  Entering Userid as anmolmishra0304@gmail.com]]>
    </line>
    <line>
      <![CDATA[Step Description-->  Entering Password as 8108948794]]>
    </line>
    <line>
      <![CDATA[Step Description--> Click on Submit]]>
    </line>
  </reporter-output>
  <suite name="SpiritZone" duration-ms="158736" started-at="2021-11-30T06:29:26Z" finished-at="2021-11-30T06:32:04Z">
    <groups>
    </groups>
    <test name="Spirit_Support_001FirstOrderOverallSupport" duration-ms="158736" started-at="2021-11-30T06:29:26Z" finished-at="2021-11-30T06:32:04Z">
      <class name="com.spiritzone.AutomationDriverScript">
        <test-method status="FAIL" signature="scriptExecutioner(java.lang.String, java.lang.String, java.lang.String, java.lang.String)[pri:0, instance:com.spiritzone.AutomationDriverScript@7db82169]" name="scriptExecutioner" duration-ms="154773" started-at="2021-11-30T06:29:26Z" finished-at="2021-11-30T06:32:00Z">
          <params>
            <param index="0">
              <value>
                <![CDATA[Spirit_Support_001FirstOrderOverallSupport]]>
              </value>
            </param>
            <param index="1">
              <value>
                <![CDATA[CreateSupport]]>
              </value>
            </param>
            <param index="2">
              <value>
                <![CDATA[Anmol]]>
              </value>
            </param>
            <param index="3">
              <value>
                <![CDATA[To verify if System is Allowing to Click On Support Module and Clicking on First OrderID and EXECUTE Overall Queries]]>
              </value>
            </param>
          </params>
          <exception class="java.lang.AssertionError">
            <message>
              <![CDATA[expected [true] but found [false]]]>
            </message>
            <full-stacktrace>
              <![CDATA[java.lang.AssertionError: expected [true] but found [false]
at org.testng.Assert.fail(Assert.java:96)
at org.testng.Assert.failNotEquals(Assert.java:776)
at org.testng.Assert.assertTrue(Assert.java:44)
at org.testng.Assert.assertTrue(Assert.java:54)
at com.spiritzone.Utilities.addAssertTakeScreenShot(Utilities.java:105)
at com.spiritzone.Utilities.logReporter(Utilities.java:39)
at com.Pages.SpiritZoneLoginPage.clickOnSubmit(SpiritZoneLoginPage.java:187)
at com.Pages.SpiritZoneLoginPage.fillAndSubmitLoginDetails(SpiritZoneLoginPage.java:558)
at com.spiritzone.KeywordHelper.CreateLoginSpiritLogin(KeywordHelper.java:29)
at com.spiritzone.FunctionalKeyword.executeStep(FunctionalKeyword.java:26)
at com.spiritzone.AutomationDriverScript.scriptExecutioner(AutomationDriverScript.java:67)
at sun.reflect.NativeMethodAccessorImpl.invoke0(Native Method)
at sun.reflect.NativeMethodAccessorImpl.invoke(NativeMethodAccessorImpl.java:62)
at sun.reflect.DelegatingMethodAccessorImpl.invoke(DelegatingMethodAccessorImpl.java:43)
at java.lang.reflect.Method.invoke(Method.java:498)
at org.testng.internal.MethodInvocationHelper.invokeMethod(MethodInvocationHelper.java:124)
at org.testng.internal.Invoker.invokeMethod(Invoker.java:583)
at org.testng.internal.Invoker.invokeTestMethod(Invoker.java:719)
at org.testng.internal.Invoker.invokeTestMethods(Invoker.java:989)
at org.testng.internal.TestMethodWorker.invokeTestMethods(TestMethodWorker.java:125)
at org.testng.internal.TestMethodWorker.run(TestMethodWorker.java:109)
at org.testng.TestRunner.privateRun(TestRunner.java:648)
at org.testng.TestRunner.run(TestRunner.java:505)
at org.testng.SuiteRunner.runTest(SuiteRunner.java:455)
at org.testng.SuiteRunner.runSequentially(SuiteRunner.java:450)
at org.testng.SuiteRunner.privateRun(SuiteRunner.java:415)
at org.testng.SuiteRunner.run(SuiteRunner.java:364)
at org.testng.SuiteRunnerWorker.runSuite(SuiteRunnerWorker.java:52)
at org.testng.SuiteRunnerWorker.run(SuiteRunnerWorker.java:84)
at org.testng.TestNG.runSuitesSequentially(TestNG.java:1208)
at org.testng.TestNG.runSuitesLocally(TestNG.java:1137)
at org.testng.TestNG.runSuites(TestNG.java:1049)
at org.testng.TestNG.run(TestNG.java:1017)
at com.spiritzone.Uploader.launchExecution(Uploader.java:230)
at com.TestSpiritZone.TestLauncher.main(TestLauncher.java:23)
]]>
            </full-stacktrace>
          </exception> <!-- java.lang.AssertionError -->
          <reporter-output>
            <line>
              <![CDATA[Step Description--> <B><u>StepNumber-</u>1<i><Font Color = /'#00008B/'> Executing : CreateSpiritLogin </Font></i></B>]]>
            </line>
            <line>
              <![CDATA[Step Description-->  Entering Userid as anmolmishra0304@gmail.com]]>
            </line>
            <line>
              <![CDATA[Step Description-->  Entering Password as 8108948794]]>
            </line>
            <line>
              <![CDATA[Step Description--> Click on Submit]]>
            </line>
          </reporter-output>
        </test-method> <!-- scriptExecutioner -->
        <test-method status="PASS" signature="quitDriver()[pri:0, instance:com.spiritzone.AutomationDriverScript@7db82169]" name="quitDriver" is-config="true" duration-ms="450" started-at="2021-11-30T06:32:04Z" finished-at="2021-11-30T06:32:04Z">
          <reporter-output>
          </reporter-output>
        </test-method> <!-- quitDriver -->
        <test-method status="PASS" signature="afterSuite()[pri:0, instance:com.spiritzone.AutomationDriverScript@7db82169]" name="afterSuite" is-config="true" duration-ms="5" started-at="2021-11-30T06:32:09Z" finished-at="2021-11-30T06:32:09Z">
          <reporter-output>
          </reporter-output>
        </test-method> <!-- afterSuite -->
      </class> <!-- com.spiritzone.AutomationDriverScript -->
    </test> <!-- Spirit_Support_001FirstOrderOverallSupport -->
  </suite> <!-- SpiritZone -->
</testng-results>
